<?xml version="1.0" encoding="UTF-8"?>
<testsuite xmlns:xsi="http://www.w3.org/2001/XMLSchema-instance" xsi:noNamespaceSchemaLocation="https://maven.apache.org/surefire/maven-surefire-plugin/xsd/surefire-test-report-3.0.xsd" version="3.0" name="org.jgrapht.alg.flow.mincost.CapacityScalingMinimumCostFlowTest" time="0.137" tests="85" errors="0" skipped="0" failures="0">
  <properties>
[...]
</properties>
  <testcase name="testGetMinimumCostFlow1[0]" classname="org.jgrapht.alg.flow.mincost.CapacityScalingMinimumCostFlowTest" time="0.003"/>
  <testcase name="testGetMinimumCostFlow2[0]" classname="org.jgrapht.alg.flow.mincost.CapacityScalingMinimumCostFlowTest" time="0"/>
  <testcase name="testGetMinimumCostFlow3[0]" classname="org.jgrapht.alg.flow.mincost.CapacityScalingMinimumCostFlowTest" time="0"/>
  <testcase name="testGetMinimumCostFlow4[0]" classname="org.jgrapht.alg.flow.mincost.CapacityScalingMinimumCostFlowTest" time="0"/>
  <testcase name="testGetMinimumCostFlow5[0]" classname="org.jgrapht.alg.flow.mincost.CapacityScalingMinimumCostFlowTest" time="0"/>
  <testcase name="testGetMinimumCostFlow6[0]" classname="org.jgrapht.alg.flow.mincost.CapacityScalingMinimumCostFlowTest" time="0.002"/>
  <testcase name="testGetMinimumCostFlow7[0]" classname="org.jgrapht.alg.flow.mincost.CapacityScalingMinimumCostFlowTest" time="0"/>
  <testcase name="testGetMinimumCostFlow8[0]" classname="org.jgrapht.alg.flow.mincost.CapacityScalingMinimumCostFlowTest" time="0"/>
  <testcase name="testGetMinimumCostFlow9[0]" classname="org.jgrapht.alg.flow.mincost.CapacityScalingMinimumCostFlowTest" time="0.002"/>
  <testcase name="testGetMinimumCostFlow10[0]" classname="org.jgrapht.alg.flow.mincost.CapacityScalingMinimumCostFlowTest" time="0"/>
  <testcase name="testGetMinimumCostFlow11[0]" classname="org.jgrapht.alg.flow.mincost.CapacityScalingMinimumCostFlowTest" time="0"/>
  <testcase name="testGetMinimumCostFlow12[0]" classname="org.jgrapht.alg.flow.mincost.CapacityScalingMinimumCostFlowTest" time="0.001"/>
  <testcase name="testGetMinimumCostFlow13[0]" classname="org.jgrapht.alg.flow.mincost.CapacityScalingMinimumCostFlowTest" time="0.002"/>
  <testcase name="testGetMinimumCostFlow14[0]" classname="org.jgrapht.alg.flow.mincost.CapacityScalingMinimumCostFlowTest" time="0.001"/>
  <testcase name="testGetMinimumCostFlow15[0]" classname="org.jgrapht.alg.flow.mincost.CapacityScalingMinimumCostFlowTest" time="0.002"/>
  <testcase name="testGetMinimumCostFlow16[0]" classname="org.jgrapht.alg.flow.mincost.CapacityScalingMinimumCostFlowTest" time="0.008"/>
  <testcase name="testGetMinimumCostFlow17[0]" classname="org.jgrapht.alg.flow.mincost.CapacityScalingMinimumCostFlowTest" time="0.017"/>
  <testcase name="testGetMinimumCostFlow1[1]" classname="org.jgrapht.alg.flow.mincost.CapacityScalingMinimumCostFlowTest" time="0.001"/>
  <testcase name="testGetMinimumCostFlow2[1]" classname="org.jgrapht.alg.flow.mincost.CapacityScalingMinimumCostFlowTest" time="0"/>
  <testcase name="testGetMinimumCostFlow3[1]" classname="org.jgrapht.alg.flow.mincost.CapacityScalingMinimumCostFlowTest" time="0"/>
  <testcase name="testGetMinimumCostFlow4[1]" classname="org.jgrapht.alg.flow.mincost.CapacityScalingMinimumCostFlowTest" time="0"/>
  <testcase name="testGetMinimumCostFlow5[1]" classname="org.jgrapht.alg.flow.mincost.CapacityScalingMinimumCostFlowTest" time="0.001"/>
  <testcase name="testGetMinimumCostFlow6[1]" classname="org.jgrapht.alg.flow.mincost.CapacityScalingMinimumCostFlowTest" time="0"/>
  <testcase name="testGetMinimumCostFlow7[1]" classname="org.jgrapht.alg.flow.mincost.CapacityScalingMinimumCostFlowTest" time="0"/>
  <testcase name="testGetMinimumCostFlow8[1]" classname="org.jgrapht.alg.flow.mincost.CapacityScalingMinimumCostFlowTest" time="0"/>
  <testcase name="testGetMinimumCostFlow9[1]" classname="org.jgrapht.alg.flow.mincost.CapacityScalingMinimumCostFlowTest" time="0"/>
  <testcase name="testGetMinimumCostFlow10[1]" classname="org.jgrapht.alg.flow.mincost.CapacityScalingMinimumCostFlowTest" time="0.001"/>
  <testcase name="testGetMinimumCostFlow11[1]" classname="org.jgrapht.alg.flow.mincost.CapacityScalingMinimumCostFlowTest" time="0"/>
  <testcase name="testGetMinimumCostFlow12[1]" classname="org.jgrapht.alg.flow.mincost.CapacityScalingMinimumCostFlowTest" time="0.001"/>
  <testcase name="testGetMinimumCostFlow13[1]" classname="org.jgrapht.alg.flow.mincost.CapacityScalingMinimumCostFlowTest" time="0"/>
  <testcase name="testGetMinimumCostFlow14[1]" classname="org.jgrapht.alg.flow.mincost.CapacityScalingMinimumCostFlowTest" time="0.001"/>
  <testcase name="testGetMinimumCostFlow15[1]" classname="org.jgrapht.alg.flow.mincost.CapacityScalingMinimumCostFlowTest" time="0.001"/>
  <testcase name="testGetMinimumCostFlow16[1]" classname="org.jgrapht.alg.flow.mincost.CapacityScalingMinimumCostFlowTest" time="0.004"/>
  <testcase name="testGetMinimumCostFlow17[1]" classname="org.jgrapht.alg.flow.mincost.CapacityScalingMinimumCostFlowTest" time="0.014"/>
  <testcase name="testGetMinimumCostFlow1[2]" classname="org.jgrapht.alg.flow.mincost.CapacityScalingMinimumCostFlowTest" time="0.001"/>
  <testcase name="testGetMinimumCostFlow2[2]" classname="org.jgrapht.alg.flow.mincost.CapacityScalingMinimumCostFlowTest" time="0"/>
  <testcase name="testGetMinimumCostFlow3[2]" classname="org.jgrapht.alg.flow.mincost.CapacityScalingMinimumCostFlowTest" time="0.001"/>
  <testcase name="testGetMinimumCostFlow4[2]" classname="org.jgrapht.alg.flow.mincost.CapacityScalingMinimumCostFlowTest" time="0"/>
  <testcase name="testGetMinimumCostFlow5[2]" classname="org.jgrapht.alg.flow.mincost.CapacityScalingMinimumCostFlowTest" time="0"/>
  <testcase name="testGetMinimumCostFlow6[2]" classname="org.jgrapht.alg.flow.mincost.CapacityScalingMinimumCostFlowTest" time="0"/>
  <testcase name="testGetMinimumCostFlow7[2]" classname="org.jgrapht.alg.flow.mincost.CapacityScalingMinimumCostFlowTest" time="0"/>
  <testcase name="testGetMinimumCostFlow8[2]" classname="org.jgrapht.alg.flow.mincost.CapacityScalingMinimumCostFlowTest" time="0.001"/>
  <testcase name="testGetMinimumCostFlow9[2]" classname="org.jgrapht.alg.flow.mincost.CapacityScalingMinimumCostFlowTest" time="0"/>
  <testcase name="testGetMinimumCostFlow10[2]" classname="org.jgrapht.alg.flow.mincost.CapacityScalingMinimumCostFlowTest" time="0"/>
  <testcase name="testGetMinimumCostFlow11[2]" classname="org.jgrapht.alg.flow.mincost.CapacityScalingMinimumCostFlowTest" time="0"/>
  <testcase name="testGetMinimumCostFlow12[2]" classname="org.jgrapht.alg.flow.mincost.CapacityScalingMinimumCostFlowTest" time="0.001"/>
  <testcase name="testGetMinimumCostFlow13[2]" classname="org.jgrapht.alg.flow.mincost.CapacityScalingMinimumCostFlowTest" time="0.001"/>
  <testcase name="testGetMinimumCostFlow14[2]" classname="org.jgrapht.alg.flow.mincost.CapacityScalingMinimumCostFlowTest" time="0.001"/>
  <testcase name="testGetMinimumCostFlow15[2]" classname="org.jgrapht.alg.flow.mincost.CapacityScalingMinimumCostFlowTest" time="0.001"/>
  <testcase name="testGetMinimumCostFlow16[2]" classname="org.jgrapht.alg.flow.mincost.CapacityScalingMinimumCostFlowTest" time="0.003"/>
  <testcase name="testGetMinimumCostFlow17[2]" classname="org.jgrapht.alg.flow.mincost.CapacityScalingMinimumCostFlowTest" time="0.008"/>
  <testcase name="testGetMinimumCostFlow1[3]" classname="org.jgrapht.alg.flow.mincost.CapacityScalingMinimumCostFlowTest" time="0"/>
  <testcase name="testGetMinimumCostFlow2[3]" classname="org.jgrapht.alg.flow.mincost.CapacityScalingMinimumCostFlowTest" time="0.001"/>
  <testcase name="testGetMinimumCostFlow3[3]" classname="org.jgrapht.alg.flow.mincost.CapacityScalingMinimumCostFlowTest" time="0.001"/>
  <testcase name="testGetMinimumCostFlow4[3]" classname="org.jgrapht.alg.flow.mincost.CapacityScalingMinimumCostFlowTest" time="0"/>
  <testcase name="testGetMinimumCostFlow5[3]" classname="org.jgrapht.alg.flow.mincost.CapacityScalingMinimumCostFlowTest" time="0"/>
  <testcase name="testGetMinimumCostFlow6[3]" classname="org.jgrapht.alg.flow.mincost.CapacityScalingMinimumCostFlowTest" time="0"/>
  <testcase name="testGetMinimumCostFlow7[3]" classname="org.jgrapht.alg.flow.mincost.CapacityScalingMinimumCostFlowTest" time="0"/>
  <testcase name="testGetMinimumCostFlow8[3]" classname="org.jgrapht.alg.flow.mincost.CapacityScalingMinimumCostFlowTest" time="0.002"/>
  <testcase name="testGetMinimumCostFlow9[3]" classname="org.jgrapht.alg.flow.mincost.CapacityScalingMinimumCostFlowTest" time="0"/>
  <testcase name="testGetMinimumCostFlow10[3]" classname="org.jgrapht.alg.flow.mincost.CapacityScalingMinimumCostFlowTest" time="0.001"/>
  <testcase name="testGetMinimumCostFlow11[3]" classname="org.jgrapht.alg.flow.mincost.CapacityScalingMinimumCostFlowTest" time="0"/>
  <testcase name="testGetMinimumCostFlow12[3]" classname="org.jgrapht.alg.flow.mincost.CapacityScalingMinimumCostFlowTest" time="0.001"/>
  <testcase name="testGetMinimumCostFlow13[3]" classname="org.jgrapht.alg.flow.mincost.CapacityScalingMinimumCostFlowTest" time="0.001"/>
  <testcase name="testGetMinimumCostFlow14[3]" classname="org.jgrapht.alg.flow.mincost.CapacityScalingMinimumCostFlowTest" time="0.001"/>
  <testcase name="testGetMinimumCostFlow15[3]" classname="org.jgrapht.alg.flow.mincost.CapacityScalingMinimumCostFlowTest" time="0.002"/>
  <testcase name="testGetMinimumCostFlow16[3]" classname="org.jgrapht.alg.flow.mincost.CapacityScalingMinimumCostFlowTest" time="0.006"/>
  <testcase name="testGetMinimumCostFlow17[3]" classname="org.jgrapht.alg.flow.mincost.CapacityScalingMinimumCostFlowTest" time="0.011"/>
  <testcase name="testGetMinimumCostFlow1[4]" classname="org.jgrapht.alg.flow.mincost.CapacityScalingMinimumCostFlowTest" time="0"/>
  <testcase name="testGetMinimumCostFlow2[4]" classname="org.jgrapht.alg.flow.mincost.CapacityScalingMinimumCostFlowTest" time="0"/>
  <testcase name="testGetMinimumCostFlow3[4]" classname="org.jgrapht.alg.flow.mincost.CapacityScalingMinimumCostFlowTest" time="0"/>
  <testcase name="testGetMinimumCostFlow4[4]" classname="org.jgrapht.alg.flow.mincost.CapacityScalingMinimumCostFlowTest" time="0"/>
  <testcase name="testGetMinimumCostFlow5[4]" classname="org.jgrapht.alg.flow.mincost.CapacityScalingMinimumCostFlowTest" time="0"/>
  <testcase name="testGetMinimumCostFlow6[4]" classname="org.jgrapht.alg.flow.mincost.CapacityScalingMinimumCostFlowTest" time="0.001"/>
  <testcase name="testGetMinimumCostFlow7[4]" classname="org.jgrapht.alg.flow.mincost.CapacityScalingMinimumCostFlowTest" time="0"/>
  <testcase name="testGetMinimumCostFlow8[4]" classname="org.jgrapht.alg.flow.mincost.CapacityScalingMinimumCostFlowTest" time="0"/>
  <testcase name="testGetMinimumCostFlow9[4]" classname="org.jgrapht.alg.flow.mincost.CapacityScalingMinimumCostFlowTest" time="0"/>
  <testcase name="testGetMinimumCostFlow10[4]" classname="org.jgrapht.alg.flow.mincost.CapacityScalingMinimumCostFlowTest" time="0"/>
  <testcase name="testGetMinimumCostFlow11[4]" classname="org.jgrapht.alg.flow.mincost.CapacityScalingMinimumCostFlowTest" time="0"/>
  <testcase name="testGetMinimumCostFlow12[4]" classname="org.jgrapht.alg.flow.mincost.CapacityScalingMinimumCostFlowTest" time="0"/>
  <testcase name="testGetMinimumCostFlow13[4]" classname="org.jgrapht.alg.flow.mincost.CapacityScalingMinimumCostFlowTest" time="0"/>
  <testcase name="testGetMinimumCostFlow14[4]" classname="org.jgrapht.alg.flow.mincost.CapacityScalingMinimumCostFlowTest" time="0.002"/>
  <testcase name="testGetMinimumCostFlow15[4]" classname="org.jgrapht.alg.flow.mincost.CapacityScalingMinimumCostFlowTest" time="0.002"/>
  <testcase name="testGetMinimumCostFlow16[4]" classname="org.jgrapht.alg.flow.mincost.CapacityScalingMinimumCostFlowTest" time="0.006"/>
  <testcase name="testGetMinimumCostFlow17[4]" classname="org.jgrapht.alg.flow.mincost.CapacityScalingMinimumCostFlowTest" time="0.014"/>
</testsuite>