<?xml version="1.0" encoding="UTF-8"?>
<testsuite xmlns:xsi="http://www.w3.org/2001/XMLSchema-instance" xsi:noNamespaceSchemaLocation="https://maven.apache.org/surefire/maven-surefire-plugin/xsd/surefire-test-report-3.0.xsd" version="3.0" name="org.jgrapht.alg.densesubgraph.GoldbergMaximumDensitySubgraphAlgorithmNodeWeightsPerEdgeTest" time="0.053" tests="6" errors="0" skipped="0" failures="0">
  <properties>
[...]
</properties>
  <testcase name="testMinimal" classname="org.jgrapht.alg.densesubgraph.GoldbergMaximumDensitySubgraphAlgorithmNodeWeightsPerEdgeTest" time="0.013"/>
  <testcase name="testEmpty1" classname="org.jgrapht.alg.densesubgraph.GoldbergMaximumDensitySubgraphAlgorithmNodeWeightsPerEdgeTest" time="0.001"/>
  <testcase name="testEmpty2" classname="org.jgrapht.alg.densesubgraph.GoldbergMaximumDensitySubgraphAlgorithmNodeWeightsPerEdgeTest" time="0"/>
  <testcase name="testMedium" classname="org.jgrapht.alg.densesubgraph.GoldbergMaximumDensitySubgraphAlgorithmNodeWeightsPerEdgeTest" time="0.032"/>
  <testcase name="testSmall1" classname="org.jgrapht.alg.densesubgraph.GoldbergMaximumDensitySubgraphAlgorithmNodeWeightsPerEdgeTest" time="0.003"/>
  <testcase name="testSmall2" classname="org.jgrapht.alg.densesubgraph.GoldbergMaximumDensitySubgraphAlgorithmNodeWeightsPerEdgeTest" time="0.001"/>
</testsuite>