<?xml version="1.0" encoding="UTF-8"?>
<testsuite xmlns:xsi="http://www.w3.org/2001/XMLSchema-instance" xsi:noNamespaceSchemaLocation="https://maven.apache.org/surefire/maven-surefire-plugin/xsd/surefire-test-report-3.0.xsd" version="3.0" name="org.jgrapht.GraphTestsTest" time="0" tests="27" errors="0" skipped="0" failures="0">
  <properties>
[...]
</properties>
  <testcase name="testHasSelfLoops" classname="org.jgrapht.GraphTestsTest" time="0"/>
  <testcase name="testIsConnectedDirected" classname="org.jgrapht.GraphTestsTest" time="0"/>
  <testcase name="testIsOverfull" classname="org.jgrapht.GraphTestsTest" time="0"/>
  <testcase name="failRequireIsWeightedOnUnweightedGraph" classname="org.jgrapht.GraphTestsTest" time="0"/>
  <testcase name="testIsConnectedUndirected" classname="org.jgrapht.GraphTestsTest" time="0"/>
  <testcase name="testIsForest1" classname="org.jgrapht.GraphTestsTest" time="0"/>
  <testcase name="testIsForest2" classname="org.jgrapht.GraphTestsTest" time="0"/>
  <testcase name="testIsK5Subdivision1" classname="org.jgrapht.GraphTestsTest" time="0"/>
  <testcase name="testIsK5Subdivision2" classname="org.jgrapht.GraphTestsTest" time="0"/>
  <testcase name="testIsPlanar1" classname="org.jgrapht.GraphTestsTest" time="0"/>
  <testcase name="testIsPlanar2" classname="org.jgrapht.GraphTestsTest" time="0"/>
  <testcase name="testIsPlanar3" classname="org.jgrapht.GraphTestsTest" time="0"/>
  <testcase name="testHasMultipleEdges" classname="org.jgrapht.GraphTestsTest" time="0"/>
  <testcase name="isSplit1" classname="org.jgrapht.GraphTestsTest" time="0"/>
  <testcase name="isSplit2" classname="org.jgrapht.GraphTestsTest" time="0"/>
  <testcase name="testIsWeaklyChordal" classname="org.jgrapht.GraphTestsTest" time="0"/>
  <testcase name="testIsSimple" classname="org.jgrapht.GraphTestsTest" time="0"/>
  <testcase name="testIsChordal" classname="org.jgrapht.GraphTestsTest" time="0"/>
  <testcase name="testIsCompleteDirected" classname="org.jgrapht.GraphTestsTest" time="0"/>
  <testcase name="failRequireIsWeightedOnNull" classname="org.jgrapht.GraphTestsTest" time="0"/>
  <testcase name="testIsCompleteUndirected" classname="org.jgrapht.GraphTestsTest" time="0"/>
  <testcase name="testIsTree" classname="org.jgrapht.GraphTestsTest" time="0"/>
  <testcase name="testIsCubic" classname="org.jgrapht.GraphTestsTest" time="0"/>
  <testcase name="testIsEmpty" classname="org.jgrapht.GraphTestsTest" time="0"/>
  <testcase name="testIsK33Subdivision1" classname="org.jgrapht.GraphTestsTest" time="0"/>
  <testcase name="testIsK33Subdivision2" classname="org.jgrapht.GraphTestsTest" time="0"/>
  <testcase name="testRequireIsWeighted" classname="org.jgrapht.GraphTestsTest" time="0"/>
</testsuite>